C51 COMPILER V9.02   02A_SWITCHLED_EXAMPLE                                                 06/17/2016 17:01:51 PAGE 1   


C51 COMPILER V9.02, COMPILATION OF MODULE 02A_SWITCHLED_EXAMPLE
OBJECT MODULE PLACED IN 02a-SwitchLed_Example.OBJ
COMPILER INVOKED BY: C:\Keil\C51\BIN\C51.EXE 02a-SwitchLed_Example.C BROWSE DEBUG OBJECTEXTEND

line level    source

   1                                    /**************************************************************************************************
             -*
   2                                                        ExploreEmbedded Copyright Notice
   3          ****************************************************************************************************
   4           * File:   main.c
   5           * Version: 16.0
   6           * Author: ExploreEmbedded
   7           * Website: http://www.exploreembedded.com/wiki
   8           * Description: This file contains the program to demonstrate the Switch and LED . 
   9          
  10          This code has been developed and tested on ExploreEmbedded boards.  
  11          We strongly believe that the library works on any of development boards for respective controllers. 
  12          Check this link http://www.exploreembedded.com/wiki for awesome tutorials on 8051,PIC,AVR,ARM,Robotics,RTO
             -S,IOT.
  13          ExploreEmbedded invests substantial time and effort developing open source HW and SW tools, to support con
             -sider buying the ExploreEmbedded boards.
  14           
  15          The ExploreEmbedded libraries and examples are licensed under the terms of the new-bsd license(two-clause 
             -bsd license).
  16          See also: http://www.opensource.org/licenses/bsd-license.php
  17          
  18          EXPLOREEMBEDDED DISCLAIMS ANY KIND OF HARDWARE FAILURE RESULTING OUT OF USAGE OF LIBRARIES, DIRECTLY OR
  19          INDIRECTLY. FILES MAY BE SUBJECT TO CHANGE WITHOUT PRIOR NOTICE. THE REVISION HISTORY CONTAINS THE INFORMA
             -TION 
  20          RELATED TO UPDATES.
  21           
  22          
  23          Permission to use, copy, modify, and distribute this software and its documentation for any purpose
  24          and without fee is hereby granted, provided that this copyright notices appear in all copies 
  25          and that both those copyright notices and this permission notice appear in supporting documentation.
  26          **************************************************************************************************/
  27          
  28          
  29          #include <reg51.h>
  30          
  31          sbit LED =  P3^7;               // LED is connected to  P3.7
  32          sbit Switch =  P3^3;   // Switch is connected to P3.3            
  33          
  34          int main() 
  35          {                  
  36   1         
  37   1      
  38   1      P3 = 0x08;              
  39   1      
  40   1        while(1)
  41   1        {
  42   2          
  43   2        LED = Switch;
  44   2      
  45   2         }
  46   1              return(0);
  47   1      
  48   1              
  49   1      
  50   1      }
C51 COMPILER V9.02   02A_SWITCHLED_EXAMPLE                                                 06/17/2016 17:01:51 PAGE 2   

  51          
  52                                     
  53          
  54          
  55          
  56          
  57          
  58          


MODULE INFORMATION:   STATIC OVERLAYABLE
   CODE SIZE        =      9    ----
   CONSTANT SIZE    =   ----    ----
   XDATA SIZE       =   ----    ----
   PDATA SIZE       =   ----    ----
   DATA SIZE        =   ----    ----
   IDATA SIZE       =   ----    ----
   BIT SIZE         =   ----    ----
END OF MODULE INFORMATION.


C51 COMPILATION COMPLETE.  0 WARNING(S),  0 ERROR(S)
