C51 COMPILER V9.02   05A_LCD_4BIT_DISPLAY                                                  06/17/2016 20:03:37 PAGE 1   


C51 COMPILER V9.02, COMPILATION OF MODULE 05A_LCD_4BIT_DISPLAY
OBJECT MODULE PLACED IN 05a-Lcd_4bit_Display.OBJ
COMPILER INVOKED BY: C:\Keil\C51\BIN\C51.EXE 05a-Lcd_4bit_Display.c BROWSE INCDIR(..\00-libfiles) DEBUG OBJECTEXTEND

line level    source

   1                                    /***************************************************************************************************
   2                                                        ExploreEmbedded Copyright Notice
   3          ****************************************************************************************************
   4           * File:   main.c
   5           * Version: 16.0
   6           * Author: ExploreEmbedded
   7           * Website: http://www.exploreembedded.com/wiki
   8           * Description: This file contains the program to demonstrate the LCD 4 bit . 
   9          
  10          This code has been developed and tested on ExploreEmbedded boards.  
  11          We strongly believe that the library works on any of development boards for respective controllers. 
  12          Check this link http://www.exploreembedded.com/wiki for awesome tutorials on 8051,PIC,AVR,ARM,Robotics,RTO
             -S,IOT.
  13          ExploreEmbedded invests substantial time and effort developing open source HW and SW tools, to support con
             -sider buying the ExploreEmbedded boards.
  14           
  15          The ExploreEmbedded libraries and examples are licensed under the terms of the new-bsd license(two-clause 
             -bsd license).
  16          See also: http://www.opensource.org/licenses/bsd-license.php
  17          
  18          EXPLOREEMBEDDED DISCLAIMS ANY KIND OF HARDWARE FAILURE RESULTING OUT OF USAGE OF LIBRARIES, DIRECTLY OR
  19          INDIRECTLY. FILES MAY BE SUBJECT TO CHANGE WITHOUT PRIOR NOTICE. THE REVISION HISTORY CONTAINS THE INFORMA
             -TION 
  20          RELATED TO UPDATES.
  21           
  22          
  23          Permission to use, copy, modify, and distribute this software and its documentation for any purpose
  24          and without fee is hereby granted, provided that this copyright notices appear in all copies 
  25          and that both those copyright notices and this permission notice appear in supporting documentation.
  26          **************************************************************************************************/
  27          
  28          #include "lcd.h"  
  29          #include "Delay.h"
  30          
  31          /*
  32           * 
  33           */
  34          int main() 
  35          {
  36   1          /*Connect RS->P0.0, RW->P0.1, EN->P0.2 and data bus to P0.4 to P0.7*/
  37   1          LCD_SetUp(P0_0,P0_1,P0_2,P_NC,P_NC,P_NC,P_NC,P0_4,P0_5,P0_6,P0_7);
  38   1          LCD_Init(2,16);
  39   1        // while(1)
  40   1      //       {
  41   1                 LCD_ScrollMessage(0, "Explore Embedded");
  42   1                 LCD_clear();
*** WARNING C206 IN LINE 42 OF 05A-LCD_4BIT_DISPLAY.C: 'LCD_clear': missing function-prototype
  43   1                 LCD_DisplayString("Explore Embedded\n");
  44   1                // while(1);
  45   1           //  LCD_DisplayString("Explore Embedded\n");
  46   1                // LCD_DisplayString("LCD 4-bit Mode\n"); 
  47   1               // }
  48   1          
  49   1          return (0);
  50   1      
C51 COMPILER V9.02   05A_LCD_4BIT_DISPLAY                                                  06/17/2016 20:03:37 PAGE 2   

  51   1      }


MODULE INFORMATION:   STATIC OVERLAYABLE
   CODE SIZE        =     67    ----
   CONSTANT SIZE    =     35    ----
   XDATA SIZE       =   ----    ----
   PDATA SIZE       =   ----    ----
   DATA SIZE        =   ----    ----
   IDATA SIZE       =   ----    ----
   BIT SIZE         =   ----    ----
END OF MODULE INFORMATION.


C51 COMPILATION COMPLETE.  1 WARNING(S),  0 ERROR(S)
