C51 COMPILER V9.02   01A_LEDBLINKING_EXAMPLE                                               06/15/2016 17:49:01 PAGE 1   


C51 COMPILER V9.02, COMPILATION OF MODULE 01A_LEDBLINKING_EXAMPLE
OBJECT MODULE PLACED IN 01a-LedBlinking_Example.OBJ
COMPILER INVOKED BY: C:\Keil\C51\BIN\C51.EXE 01a-LedBlinking_Example.c BROWSE DEBUG OBJECTEXTEND

line level    source

   1                                    /***************************************************************************************************
   2                                                        ExploreEmbedded Copyright Notice
   3          ****************************************************************************************************
   4           * File:   main.c
   5           * Version: 16.0
   6           * Author: ExploreEmbedded
   7           * Website: http://www.exploreembedded.com/wiki
   8           * Description: This file contains the program to demonstrate the LED blinking. 
   9          
  10          This code has been developed and tested on ExploreEmbedded boards.  
  11          We strongly believe that the library works on any of development boards for respective controllers. 
  12          Check this link http://www.exploreembedded.com/wiki for awesome tutorials on 8051,PIC,AVR,ARM,Robotics,RTO
             -S,IOT.
  13          ExploreEmbedded invests substantial time and effort developing open source HW and SW tools, to support con
             -sider buying the ExploreEmbedded boards.
  14           
  15          The ExploreEmbedded libraries and examples are licensed under the terms of the new-bsd license(two-clause 
             -bsd license).
  16          See also: http://www.opensource.org/licenses/bsd-license.php
  17          
  18          EXPLOREEMBEDDED DISCLAIMS ANY KIND OF HARDWARE FAILURE RESULTING OUT OF USAGE OF LIBRARIES, DIRECTLY OR
  19          INDIRECTLY. FILES MAY BE SUBJECT TO CHANGE WITHOUT PRIOR NOTICE. THE REVISION HISTORY CONTAINS THE INFORMA
             -TION 
  20          RELATED TO UPDATES.
  21           
  22          
  23          Permission to use, copy, modify, and distribute this software and its documentation for any purpose
  24          and without fee is hereby granted, provided that this copyright notices appear in all copies 
  25          and that both those copyright notices and this permission notice appear in supporting documentation.
  26          **************************************************************************************************/
  27          
  28          
  29          #include <reg51.h>
  30          
  31          #define LED P3          // LED's are connected to higher bits of P3
  32          
  33          
  34          void DELAY_ms(unsigned int ms_Count)
  35          {
  36   1          unsigned int i,j;
  37   1          for(i=0;i<ms_Count;i++)                                                              
  38   1          {
  39   2              for(j=0;j<100;j++);
  40   2          }
  41   1      }
  42          
  43          int main() 
  44          {
  45   1      
  46   1         P3 = (0xf0<<LED);           // Configure PORT3.4 to PORT.7 as output
  47   1        
  48   1      
  49   1          
  50   1          while(1)
  51   1              {
C51 COMPILER V9.02   01A_LEDBLINKING_EXAMPLE                                               06/15/2016 17:49:01 PAGE 2   

  52   2                      P3 = (0xf0<<LED);        // Turn ON Led's connected to P3       
  53   2                      DELAY_ms(1000);      // Wait for some time
  54   2      
  55   2                      P3 = (0x00<<LED);        // Turn OFF Led connected to P3
  56   2                  DELAY_ms(1000);      // Wait for some time
  57   2              }
  58   1              return 0;
  59   1      }
  60          
  61          
  62          
  63          
  64          
  65          
  66          
  67          


MODULE INFORMATION:   STATIC OVERLAYABLE
   CODE SIZE        =     86    ----
   CONSTANT SIZE    =   ----    ----
   XDATA SIZE       =   ----    ----
   PDATA SIZE       =   ----    ----
   DATA SIZE        =   ----    ----
   IDATA SIZE       =   ----    ----
   BIT SIZE         =   ----    ----
END OF MODULE INFORMATION.


C51 COMPILATION COMPLETE.  0 WARNING(S),  0 ERROR(S)
