C51 COMPILER V9.02   MAIN                                                                  06/23/2016 09:25:30 PAGE 1   


C51 COMPILER V9.02, COMPILATION OF MODULE MAIN
OBJECT MODULE PLACED IN .\Objects\main.obj
COMPILER INVOKED BY: C:\Keil\C51\BIN\C51.EXE main.c BROWSE INCDIR(..\00-libfiles) DEBUG OBJECTEXTEND PRINT(.\Listings\ma
                    -in.lst) OBJECT(.\Objects\main.obj)

line level    source

   1          /***************************************************************************************************
   2                                             ExploreEmbedded
   3          ****************************************************************************************************
   4           * File:   main.c
   5           * Version: 16.0
   6           * Author: ExploreEmbedded
   7           * Website: http://www.exploreembedded.com/wiki
   8           * Description: This file contains the program to read 10bit ADC value from channel 0 and send it on UART.
   9          
  10          The libraries have been tested on ExploreEmbedded development boards. We strongly believe that the
  11          library works on any of development boards for respective controllers. However, ExploreEmbedded
  12          disclaims any kind of hardware failure resulting out of usage of libraries, directly or indirectly.
  13          Files may be subject to change without prior notice. The revision history contains the information
  14          related to updates.
  15          
  16          
  17          GNU GENERAL PUBLIC LICENSE:
  18              Copyright (C) 2012  ExploreEmbedded
  19          
  20              This program is free software: you can redistribute it and/or modify
  21              it under the terms of the GNU General Public License as published by
  22              the Free Software Foundation, either version 3 of the License, or
  23              (at your option) any later version.
  24          
  25              This program is distributed in the hope that it will be useful,
  26              but WITHOUT ANY WARRANTY; without even the implied warranty of
  27              MERCHANTABILITY or FITNESS FOR A PARTICULAR PURPOSE.  See the
  28              GNU General Public License for more details.
  29          
  30              You should have received a copy of the GNU General Public License
  31              along with this program.  If not, see <http://www.gnu.org/licenses/>.
  32          
  33          
  34          Errors and omissions should be reported to codelibraries@exploreembedded.com
  35          **************************************************************************************************/
  36          #include "adc.h"
  37          #include "uart.h"
  38          
  39          /********************************
  40            adc.h ADC0809 pin Connections
  41          *********************************
  42          adc_databus --> P2
  43          
  44          adc_A    --> P1^0;
  45          adc_B    --> P1^1;
  46          adc_C    --> P1^2;
  47          adc_ALE  --> P1^3;
  48          adc_Start--> P1^4;
  49          adc_EOC  --> P1^5;
  50          adc_OE   --> P1^6;
  51          *********************************/  
  52                 
  53          
  54          
C51 COMPILER V9.02   MAIN                                                                  06/23/2016 09:25:30 PAGE 2   

  55          int main() 
  56          {
  57   1          int adcValue;
  58   1          
  59   1          ADC_Init();       /* Initialize the ADC module */
  60   1          UART_Init(9600);  /* Initialize UART at 9600 baud rate */
  61   1          
  62   1          while(1)
  63   1          {
  64   2              adcValue = ADC_GetAdcValue(0); // Read the ADC value of channel zero
  65   2              UART_Printf("ADC0 Value:%4d \n\r",adcValue);     // Send the value on UART
  66   2          }
  67   1          
  68   1          return (0);
  69   1      }
  70          


MODULE INFORMATION:   STATIC OVERLAYABLE
   CODE SIZE        =     40    ----
   CONSTANT SIZE    =     18    ----
   XDATA SIZE       =   ----    ----
   PDATA SIZE       =   ----    ----
   DATA SIZE        =   ----       2
   IDATA SIZE       =   ----    ----
   BIT SIZE         =   ----    ----
END OF MODULE INFORMATION.


C51 COMPILATION COMPLETE.  0 WARNING(S),  0 ERROR(S)
